[debug] [2024-09-16T07:26:22.653Z] ----------------------------------------------------------------------
[debug] [2024-09-16T07:26:22.657Z] Command:       C:\Users\User\AppData\Local\fnm_multishells\29272_1726469918403\node.exe C:\Users\User\AppData\Local\fnm_multishells\29272_1726469918403\node_modules\firebase-tools\lib\bin\firebase.js init
[debug] [2024-09-16T07:26:22.658Z] CLI Version:   13.17.0
[debug] [2024-09-16T07:26:22.658Z] Platform:      win32
[debug] [2024-09-16T07:26:22.658Z] Node Version:  v20.17.0
[debug] [2024-09-16T07:26:22.658Z] Time:          Mon Sep 16 2024 10:26:22 GMT+0300 (Москва, стандартное время)
[debug] [2024-09-16T07:26:22.658Z] ----------------------------------------------------------------------
[debug] 
[debug] [2024-09-16T07:26:22.666Z] > command requires scopes: ["email","openid","https://www.googleapis.com/auth/cloudplatformprojects.readonly","https://www.googleapis.com/auth/firebase","https://www.googleapis.com/auth/cloud-platform"]
[debug] [2024-09-16T07:26:22.667Z] > authorizing via signed-in user (viktorijaani96@gmail.com)
[info] 
     ######## #### ########  ######## ########     ###     ######  ########
     ##        ##  ##     ## ##       ##     ##  ##   ##  ##       ##
     ######    ##  ########  ######   ########  #########  ######  ######
     ##        ##  ##    ##  ##       ##     ## ##     ##       ## ##
     ##       #### ##     ## ######## ########  ##     ##  ######  ########

You're about to initialize a Firebase project in this directory:

  C:\Users\User\Зонты\habr\tg-angular-app

[info] 
=== Project Setup
[info] 
[info] First, let's associate this project directory with a Firebase project.
[info] You can create multiple project aliases by running firebase use --add, 
[info] but for now we'll just set up a default project.
[info] 
[debug] [2024-09-16T07:27:09.502Z] >>> [apiv2][query] GET https://firebase.googleapis.com/v1beta1/projects pageSize=100
[debug] [2024-09-16T07:27:10.048Z] <<< [apiv2][status] GET https://firebase.googleapis.com/v1beta1/projects 200
[debug] [2024-09-16T07:27:10.048Z] <<< [apiv2][body] GET https://firebase.googleapis.com/v1beta1/projects [omitted]
[info] i  Using project umbrella-7fab2 (umbrella) 
[info] 
=== Database Setup
[info] i  database: ensuring required API firebasedatabase.googleapis.com is enabled... 
[debug] [2024-09-16T07:27:15.523Z] >>> [apiv2][query] GET https://serviceusage.googleapis.com/v1/projects/umbrella-7fab2/services/firebasedatabase.googleapis.com [none]
[debug] [2024-09-16T07:27:15.523Z] >>> [apiv2][(partial)header] GET https://serviceusage.googleapis.com/v1/projects/umbrella-7fab2/services/firebasedatabase.googleapis.com x-goog-quota-user=projects/umbrella-7fab2
[debug] [2024-09-16T07:27:16.582Z] <<< [apiv2][status] GET https://serviceusage.googleapis.com/v1/projects/umbrella-7fab2/services/firebasedatabase.googleapis.com 200
[debug] [2024-09-16T07:27:16.582Z] <<< [apiv2][body] GET https://serviceusage.googleapis.com/v1/projects/umbrella-7fab2/services/firebasedatabase.googleapis.com [omitted]
[warn] !  database: missing required API firebasedatabase.googleapis.com. Enabling now... 
[debug] [2024-09-16T07:27:16.584Z] >>> [apiv2][query] POST https://serviceusage.googleapis.com/v1/projects/umbrella-7fab2/services/firebasedatabase.googleapis.com:enable [none]
[debug] [2024-09-16T07:27:16.584Z] >>> [apiv2][(partial)header] POST https://serviceusage.googleapis.com/v1/projects/umbrella-7fab2/services/firebasedatabase.googleapis.com:enable x-goog-quota-user=projects/umbrella-7fab2
[debug] [2024-09-16T07:27:17.824Z] <<< [apiv2][status] POST https://serviceusage.googleapis.com/v1/projects/umbrella-7fab2/services/firebasedatabase.googleapis.com:enable 200
[debug] [2024-09-16T07:27:17.825Z] <<< [apiv2][body] POST https://serviceusage.googleapis.com/v1/projects/umbrella-7fab2/services/firebasedatabase.googleapis.com:enable [omitted]
[debug] [2024-09-16T07:27:27.833Z] >>> [apiv2][query] GET https://serviceusage.googleapis.com/v1/projects/umbrella-7fab2/services/firebasedatabase.googleapis.com [none]
[debug] [2024-09-16T07:27:27.833Z] >>> [apiv2][(partial)header] GET https://serviceusage.googleapis.com/v1/projects/umbrella-7fab2/services/firebasedatabase.googleapis.com x-goog-quota-user=projects/umbrella-7fab2
[debug] [2024-09-16T07:27:28.858Z] <<< [apiv2][status] GET https://serviceusage.googleapis.com/v1/projects/umbrella-7fab2/services/firebasedatabase.googleapis.com 200
[debug] [2024-09-16T07:27:28.858Z] <<< [apiv2][body] GET https://serviceusage.googleapis.com/v1/projects/umbrella-7fab2/services/firebasedatabase.googleapis.com [omitted]
[info] +  database: required API firebasedatabase.googleapis.com is enabled 
[info] 
[debug] [2024-09-16T07:27:28.865Z] >>> [apiv2][query] GET https://firebase.googleapis.com/v1beta1/projects/umbrella-7fab2 [none]
[debug] [2024-09-16T07:27:29.174Z] <<< [apiv2][status] GET https://firebase.googleapis.com/v1beta1/projects/umbrella-7fab2 200
[debug] [2024-09-16T07:27:29.174Z] <<< [apiv2][body] GET https://firebase.googleapis.com/v1beta1/projects/umbrella-7fab2 {"projectId":"umbrella-7fab2","projectNumber":"830150789083","displayName":"umbrella","name":"projects/umbrella-7fab2","resources":{"hostingSite":"umbrella-7fab2"},"state":"ACTIVE","etag":"1_39340eda-c8f3-4f5a-afc4-5b981324037c"}
[debug] [2024-09-16T07:27:41.134Z] >>> [apiv2][query] POST https://firebasedatabase.googleapis.com/v1beta/projects/umbrella-7fab2/locations/europe-west1/instances databaseId=umbrella-7fab2-default-rtdb&validateOnly=true
[debug] [2024-09-16T07:27:41.135Z] >>> [apiv2][body] POST https://firebasedatabase.googleapis.com/v1beta/projects/umbrella-7fab2/locations/europe-west1/instances {"type":"default_database"}
[debug] [2024-09-16T07:27:42.142Z] <<< [apiv2][status] POST https://firebasedatabase.googleapis.com/v1beta/projects/umbrella-7fab2/locations/europe-west1/instances 200
[debug] [2024-09-16T07:27:42.143Z] <<< [apiv2][body] POST https://firebasedatabase.googleapis.com/v1beta/projects/umbrella-7fab2/locations/europe-west1/instances {"name":"projects/830150789083/locations/europe-west1/instances/umbrella-7fab2-default-rtdb","project":"projects/830150789083","databaseUrl":"https://umbrella-7fab2-default-rtdb.europe-west1.firebasedatabase.app","type":"DEFAULT_DATABASE","state":"ACTIVE"}
[debug] [2024-09-16T07:27:42.144Z] >>> [apiv2][query] POST https://firebasedatabase.googleapis.com/v1beta/projects/umbrella-7fab2/locations/europe-west1/instances databaseId=umbrella-7fab2-default-rtdb
[debug] [2024-09-16T07:27:42.145Z] >>> [apiv2][body] POST https://firebasedatabase.googleapis.com/v1beta/projects/umbrella-7fab2/locations/europe-west1/instances {"type":"default_database"}
[debug] [2024-09-16T07:27:42.627Z] <<< [apiv2][status] POST https://firebasedatabase.googleapis.com/v1beta/projects/umbrella-7fab2/locations/europe-west1/instances 200
[debug] [2024-09-16T07:27:42.628Z] <<< [apiv2][body] POST https://firebasedatabase.googleapis.com/v1beta/projects/umbrella-7fab2/locations/europe-west1/instances {"name":"projects/830150789083/locations/europe-west1/instances/umbrella-7fab2-default-rtdb","project":"projects/830150789083","databaseUrl":"https://umbrella-7fab2-default-rtdb.europe-west1.firebasedatabase.app","type":"DEFAULT_DATABASE","state":"ACTIVE"}
[info] 
[info] Firebase Realtime Database Security Rules allow you to define how your data should be
[info] structured and when your data can be read from and written to.
[info] 
[debug] [2024-09-16T07:27:46.250Z] >>> [apiv2][query] GET https://umbrella-7fab2-default-rtdb.europe-west1.firebasedatabase.app/.settings/rules.json [none]
[debug] [2024-09-16T07:27:47.362Z] <<< [apiv2][status] GET https://umbrella-7fab2-default-rtdb.europe-west1.firebasedatabase.app/.settings/rules.json 200
[debug] [2024-09-16T07:27:47.363Z] <<< [apiv2][body] GET https://umbrella-7fab2-default-rtdb.europe-west1.firebasedatabase.app/.settings/rules.json [stream]
[info] +  Database Rules for umbrella-7fab2-default-rtdb have been written to database.rules.json. 
[info] Future modifications to database.rules.json will update Realtime Database Security Rules when you run
[info] firebase deploy.
[info] 
=== Hosting Setup
[debug] [2024-09-16T07:27:47.372Z] >>> [apiv2][query] GET https://firebase.googleapis.com/v1beta1/projects/umbrella-7fab2 [none]
[debug] [2024-09-16T07:27:47.669Z] <<< [apiv2][status] GET https://firebase.googleapis.com/v1beta1/projects/umbrella-7fab2 200
[debug] [2024-09-16T07:27:47.670Z] <<< [apiv2][body] GET https://firebase.googleapis.com/v1beta1/projects/umbrella-7fab2 {"projectId":"umbrella-7fab2","projectNumber":"830150789083","displayName":"umbrella","name":"projects/umbrella-7fab2","resources":{"hostingSite":"umbrella-7fab2","realtimeDatabaseInstance":"umbrella-7fab2-default-rtdb"},"state":"ACTIVE","etag":"1_39340eda-c8f3-4f5a-afc4-5b981324037c"}
[info] 
[info] Your public directory is the folder (relative to your project directory) that
[info] will contain Hosting assets to be uploaded with firebase deploy. If you
[info] have a build process for your assets, use your build's output directory.
[info] 
[debug] [2024-09-16T07:28:06.281Z] >>> [apiv2][query] GET https://www.gstatic.com/firebasejs/releases.json [none]
[debug] [2024-09-16T07:28:06.414Z] <<< [apiv2][status] GET https://www.gstatic.com/firebasejs/releases.json 200
[debug] [2024-09-16T07:28:06.414Z] <<< [apiv2][body] GET https://www.gstatic.com/firebasejs/releases.json {"current":{"version":"10.13.1","browserURL":"https://www.gstatic.com/firebasejs/10.13.1/firebase.js","packageURL":"https://www.gstatic.com/firebasejs/10.13.1/firebase.tgz"},"live":{"version":"10.13","browserURL":"https://www.gstatic.com/firebasejs/live/10.13/firebase.js","packageURL":"https://www.gstatic.com/firebasejs/live/10.13/firebase.tgz"},"components":{"analytics":"https://www.gstatic.com/firebasejs/10.13.1/firebase-analytics.js","app":"https://www.gstatic.com/firebasejs/10.13.1/firebase-app.js","app-check":"https://www.gstatic.com/firebasejs/10.13.1/firebase-app-check.js","auth":"https://www.gstatic.com/firebasejs/10.13.1/firebase-auth.js","auth/cordova":"https://www.gstatic.com/firebasejs/10.13.1/firebase-auth/cordova.js","auth/web-extension":"https://www.gstatic.com/firebasejs/10.13.1/firebase-auth/web-extension.js","functions":"https://www.gstatic.com/firebasejs/10.13.1/firebase-functions.js","firestore":"https://www.gstatic.com/firebasejs/10.13.1/firebase-firestore.js","firestore/lite":"https://www.gstatic.com/firebasejs/10.13.1/firebase-firestore/lite.js","installations":"https://www.gstatic.com/firebasejs/10.13.1/firebase-installations.js","storage":"https://www.gstatic.com/firebasejs/10.13.1/firebase-storage.js","performance":"https://www.gstatic.com/firebasejs/10.13.1/firebase-performance.js","remote-config":"https://www.gstatic.com/firebasejs/10.13.1/firebase-remote-config.js","messaging":"https://www.gstatic.com/firebasejs/10.13.1/firebase-messaging.js","messaging/sw":"https://www.gstatic.com/firebasejs/10.13.1/firebase-messaging/sw.js","database":"https://www.gstatic.com/firebasejs/10.13.1/firebase-database.js","vertexai-preview":"https://www.gstatic.com/firebasejs/10.13.1/firebase-vertexai-preview.js","firestore.memory":"https://www.gstatic.com/firebasejs/10.13.1/firebase-firestore.memory.js"}}
[info] +  Wrote public/index.html 
[info] 
[info] i  Detected a .git folder at C:\Users\User\Зонты\habr\tg-angular-app 
[info] i  Authorizing with GitHub to upload your service account to a GitHub repository's secrets store. 
[info] 
[info] Visit this URL on this device to log in:
[info] https://github.com/login/oauth/authorize?client_id=89cf50f02ac6aaed3484&state=263716285&redirect_uri=http%3A%2F%2Flocalhost%3A9005&scope=read%3Auser%20repo%20public_repo
[info] 
[info] Waiting for authentication...
[debug] [2024-09-16T07:28:17.089Z] >>> [apiv2][query] POST https://github.com/login/oauth/access_token [none]
[debug] [2024-09-16T07:28:17.089Z] >>> [apiv2][body] POST https://github.com/login/oauth/access_token [stream]
[debug] [2024-09-16T07:28:17.499Z] <<< [apiv2][status] POST https://github.com/login/oauth/access_token 200
[debug] [2024-09-16T07:28:17.500Z] <<< [apiv2][body] POST https://github.com/login/oauth/access_token {"access_token":"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","token_type":"bearer","scope":"read:user,repo"}
[debug] [2024-09-16T07:28:17.505Z] >>> [apiv2][query] GET https://api.github.com/user [none]
[debug] [2024-09-16T07:28:17.859Z] <<< [apiv2][status] GET https://api.github.com/user 200
[debug] [2024-09-16T07:28:17.859Z] <<< [apiv2][body] GET https://api.github.com/user {"login":"RostOs4","id":124255484,"node_id":"U_kgDOB2f8_A","avatar_url":"https://avatars.githubusercontent.com/u/124255484?v=4","gravatar_id":"","url":"https://api.github.com/users/RostOs4","html_url":"https://github.com/RostOs4","followers_url":"https://api.github.com/users/RostOs4/followers","following_url":"https://api.github.com/users/RostOs4/following{/other_user}","gists_url":"https://api.github.com/users/RostOs4/gists{/gist_id}","starred_url":"https://api.github.com/users/RostOs4/starred{/owner}{/repo}","subscriptions_url":"https://api.github.com/users/RostOs4/subscriptions","organizations_url":"https://api.github.com/users/RostOs4/orgs","repos_url":"https://api.github.com/users/RostOs4/repos","events_url":"https://api.github.com/users/RostOs4/events{/privacy}","received_events_url":"https://api.github.com/users/RostOs4/received_events","type":"User","site_admin":false,"name":"RostOS","company":null,"blog":"","location":null,"email":null,"hireable":null,"bio":null,"twitter_username":null,"notification_email":null,"public_repos":5,"public_gists":0,"followers":0,"following":0,"created_at":"2023-02-02T10:21:38Z","updated_at":"2024-08-17T07:26:29Z","private_gists":0,"total_private_repos":0,"owned_private_repos":0,"disk_usage":13543,"collaborators":0,"two_factor_authentication":false,"plan":{"name":"free","space":976562499,"collaborators":0,"private_repos":10000}}
[info] 
[info] +  Success! Logged into GitHub as RostOs4 
[info] 
